<?xml version="1.0" encoding="UTF-8"?>
<!-- Generated by org.testng.reporters.JUnitReportReporter -->
<testsuite hostname="Sezers-Mac-mini" name="com.qa.hubspot.tests.LoginPageTest" tests="1" failures="0" timestamp="18 Jul 2020 04:01:47 GMT" time="6.859" errors="0">
  <testcase name="verifyPageTitleTest" time="6.859" classname="com.qa.hubspot.tests.LoginPageTest"/>
</testsuite> <!-- com.qa.hubspot.tests.LoginPageTest -->
