<?xml version="1.0" encoding="UTF-8"?>
<!-- Generated by org.testng.reporters.JUnitReportReporter -->
<testsuite hostname="Sezers-Mac-mini" name="com.qa.hubspot.tests.LoginPageTest" tests="3" failures="0" timestamp="22 Jul 2020 00:13:44 GMT" time="20.014" errors="0">
  <testcase name="verifyPageTitleTest" time="7.593" classname="com.qa.hubspot.tests.LoginPageTest"/>
  <testcase name="loginTest" time="11.423" classname="com.qa.hubspot.tests.LoginPageTest"/>
  <testcase name="verifySignUpLink" time="0.998" classname="com.qa.hubspot.tests.LoginPageTest"/>
</testsuite> <!-- com.qa.hubspot.tests.LoginPageTest -->
