<?xml version="1.0" encoding="UTF-8"?>
<!-- Generated by org.testng.reporters.JUnitReportReporter -->
<testsuite skipped="0" hostname="Sezers-Mac-mini" name="com.qa.hubspot.tests.LoginPageTest" tests="3" failures="0" timestamp="08 Jul 2020 21:25:18 GMT" time="14.362" errors="0">
  <testcase name="verifyPageTitleTest" time="8.793" classname="com.qa.hubspot.tests.LoginPageTest"/>
  <testcase name="verifySignUpLink" time="0.135" classname="com.qa.hubspot.tests.LoginPageTest"/>
  <testcase name="loginTest" time="5.434" classname="com.qa.hubspot.tests.LoginPageTest"/>
</testsuite> <!-- com.qa.hubspot.tests.LoginPageTest -->
