<?xml version="1.0" encoding="UTF-8"?>
<!-- Generated by org.testng.reporters.JUnitReportReporter -->
<testsuite skipped="0" hostname="Sezers-Mac-mini" name="com.qa.hubspot.tests.LoginPageTest" tests="3" failures="0" timestamp="08 Jul 2020 01:34:48 GMT" time="7.533" errors="0">
  <testcase name="verifyPageTitleTest" time="6.141" classname="com.qa.hubspot.tests.LoginPageTest"/>
  <testcase name="verifySignUpLink" time="0.197" classname="com.qa.hubspot.tests.LoginPageTest"/>
  <testcase name="loginTest" time="1.195" classname="com.qa.hubspot.tests.LoginPageTest"/>
</testsuite> <!-- com.qa.hubspot.tests.LoginPageTest -->
